<?xml version="1.0" encoding="UTF-8"?>
<!-- Generated by org.testng.reporters.JUnitXMLReporter -->
<testsuite ignored="4" hostname="DESKTOP-601D2VQ" failures="0" tests="1" name="Default test" time="38.421" errors="0" timestamp="2024-02-25T17:34:48 EET">
  <testcase classname="almosafer.com.Testprojet" name="printtotheconsolethefirstresult" time="38.138"/>
  <testcase classname="almosafer.com.Testprojet" name="Date" time="0.0">
    <ignored/>
  </testcase> <!-- Date -->
  <testcase classname="almosafer.com.Testprojet" name="printallthefeedback" time="0.0">
    <ignored/>
  </testcase> <!-- printallthefeedback -->
  <testcase classname="almosafer.com.Testprojet" name="vistornumber" time="0.0">
    <ignored/>
  </testcase> <!-- vistornumber -->
  <testcase classname="almosafer.com.Testprojet" name="hoteltabsection" time="0.0">
    <ignored/>
  </testcase> <!-- hoteltabsection -->
</testsuite> <!-- Default test -->
