<?xml version="1.0" encoding="UTF-8"?>
<testng-results ignored="4" total="5" passed="1" failed="0" skipped="0">
  <reporter-output>
  </reporter-output>
  <suite started-at="2024-02-25T17:34:09 EET" name="Default suite" finished-at="2024-02-25T17:34:48 EET" duration-ms="38421">
    <groups>
    </groups>
    <test started-at="2024-02-25T17:34:09 EET" name="Default test" finished-at="2024-02-25T17:34:48 EET" duration-ms="38421">
      <class name="almosafer.com.Testprojet">
        <test-method is-config="true" signature="sutup()[pri:0, instance:almosafer.com.Testprojet@319988b0]" started-at="2024-02-25T17:34:09 EET" name="sutup" finished-at="2024-02-25T17:34:10 EET" duration-ms="170" status="PASS">
          <reporter-output>
          </reporter-output>
        </test-method> <!-- sutup -->
        <test-method signature="printtotheconsolethefirstresult()[pri:0, instance:almosafer.com.Testprojet@319988b0]" started-at="2024-02-25T17:34:10 EET" name="printtotheconsolethefirstresult" finished-at="2024-02-25T17:34:48 EET" duration-ms="38138" status="PASS">
          <reporter-output>
          </reporter-output>
        </test-method> <!-- printtotheconsolethefirstresult -->
        <test-method is-config="true" signature="end()[pri:0, instance:almosafer.com.Testprojet@319988b0]" started-at="2024-02-25T17:34:48 EET" name="end" finished-at="2024-02-25T17:34:48 EET" duration-ms="1" status="PASS">
          <reporter-output>
          </reporter-output>
        </test-method> <!-- end -->
      </class> <!-- almosafer.com.Testprojet -->
    </test> <!-- Default test -->
  </suite> <!-- Default suite -->
</testng-results>
